#
# A fatal error has been detected by the Java Runtime Environment:
#
#  EXCEPTION_ACCESS_VIOLATION (0xc0000005) at pc=0x00007ff8fa380dba, pid=69004, tid=62384
#
# JRE version: Java(TM) SE Runtime Environment (11.0.1+13) (build 11.0.1+13-LTS)
# Java VM: Java HotSpot(TM) 64-Bit Server VM (11.0.1+13-LTS, mixed mode, tiered, compressed oops, g1 gc, windows-amd64)
# Problematic frame:
# V  [jvm.dll+0x5f0dba]
#
# No core dump will be written. Minidumps are not enabled by default on client versions of Windows
#
# If you would like to submit a bug report, please visit:
#   http://bugreport.java.com/bugreport/crash.jsp
#

---------------  S U M M A R Y ------------

Command Line: -Xverify:none Test

Host: Intel(R) Core(TM) i7-6500U CPU @ 2.50GHz, 4 cores, 7G,  Windows 10 , 64 bit Build 17134 (10.0.17134.1)
Time: Thu Jan 10 12:30:10 2019 Iran Standard Time elapsed time: 0 seconds (0d 0h 0m 0s)

---------------  T H R E A D  ---------------

Current thread (0x0000026ab3726000):  JavaThread "main" [_thread_in_vm, id=62384, stack(0x0000009ab4b00000,0x0000009ab4c00000)]

Stack: [0x0000009ab4b00000,0x0000009ab4c00000],  sp=0x0000009ab4bfeb20,  free space=1018k
Native frames: (J=compiled Java code, j=interpreted, Vv=VM code, C=native code)
V  [jvm.dll+0x5f0dba]
V  [jvm.dll+0x5388e0]
V  [jvm.dll+0x5384c8]
V  [jvm.dll+0x5365ff]
V  [jvm.dll+0x38cdab]
V  [jvm.dll+0x38c473]
C  0x0000026abba6d4d8

Java frames: (J=compiled Java code, j=interpreted, Vv=VM code)
j  Test.main([Ljava/lang/String;)V+1
v  ~StubRoutines::call_stub

siginfo: EXCEPTION_ACCESS_VIOLATION (0xc0000005), reading address 0xffffffffffffffff


Register to memory mapping:

RIP=0x00007ff8fa380dba jvm.dll
RAX=0x0000000000007307 is an unknown value
RBX=
[error occurred during error reporting (printing register info), id 0xc0000005, EXCEPTION_ACCESS_VIOLATION (0xc0000005) at pc=0x00007ff8fa084d76]

Registers:
RAX=0x0000000000007307, RBX=0x00000000fa063fb0, RCX=0xcccccccccccccccc, RDX=0x00007ff8f9f77570
RSP=0x0000009ab4bfeb20, RBP=0x00007ff8fa541770, RSI=0x00007ff8fa64ee48, RDI=0x00007ff8fa5dd42b
R8 =0x0000000000000027, R9 =0x0000000000000027, R10=0x000000000000007d, R11=0x0000000000000027
R12=0x0000026ab3726a90, R13=0x0000009ab4bfed20, R14=0x0000026ab3726bc0, R15=0x0000026ab1503d90
RIP=0x00007ff8fa380dba, EFLAGS=0x0000000000010202

Top of Stack: (sp=0x0000009ab4bfeb20)
0x0000009ab4bfeb20:   0000026ab3726bd0 00007ff8fa3ce250
0x0000009ab4bfeb30:   0000000000000004 00007ff8fa64ee48
0x0000009ab4bfeb40:   0000026ab1503d90 0000026ab3726bc0
0x0000009ab4bfeb50:   0000026ab3726a90 00007ff8fa2c88e0
0x0000009ab4bfeb60:   00000000fa063fb0 00007ff8fa541770
0x0000009ab4bfeb70:   00007ff8fa64ee48 00007ff8fa5dd42b
0x0000009ab4bfeb80:   0000026ab3726be0 0000026ab3726bd0
0x0000009ab4bfeb90:   00007ff8fa64ee48 0000026ab3726bc0
0x0000009ab4bfeba0:   0000026ab3726e78 000000000000000e
0x0000009ab4bfebb0:   00007ff8fa5f7018 0000005000000000
0x0000009ab4bfebc0:   000000000000007d 0000000000000000
0x0000009ab4bfebd0:   0000000000000000 0000000000000000
0x0000009ab4bfebe0:   0000000000000000 0000026ab3726aa0
0x0000009ab4bfebf0:   000000000000007d 0000000000000100
0x0000009ab4bfec00:   0000000000000000 0000009ab4bfee00
0x0000009ab4bfec10:   00000000000000b6 0000000000000001 

Instructions: (pc=0x00007ff8fa380dba)
0x00007ff8fa380d9a:   48 89 74 24 18 48 89 7c 24 20 41 54 41 56 41 57
0x00007ff8fa380daa:   48 83 ec 20 48 8b 51 08 48 8b 4a 08 0f b7 42 2c
0x00007ff8fa380dba:   4c 8b 7c c1 40 0f b7 42 2a 4c 8b 74 c1 40 48 8b
0x00007ff8fa380dca:   49 18 e8 df 69 f2 ff 48 8b d8 48 83 cf ff 0f 1f 



---------------  P R O C E S S  ---------------

Threads class SMR info:
_java_thread_list=0x0000026ad25280c0, length=10, elements={
0x0000026ab3726000, 0x0000026ad1a57800, 0x0000026ad1a83800, 0x0000026ad23f3000,
0x0000026ad1a98000, 0x0000026ad1a9a800, 0x0000026ad1a9f000, 0x0000026ad1aa4000,
0x0000026ad2534000, 0x0000026ad2539800
}

Java Threads: ( => current thread )
=>0x0000026ab3726000 JavaThread "main" [_thread_in_vm, id=62384, stack(0x0000009ab4b00000,0x0000009ab4c00000)]
  0x0000026ad1a57800 JavaThread "Reference Handler" daemon [_thread_blocked, id=47008, stack(0x0000009ab5200000,0x0000009ab5300000)]
  0x0000026ad1a83800 JavaThread "Finalizer" daemon [_thread_blocked, id=76200, stack(0x0000009ab5300000,0x0000009ab5400000)]
  0x0000026ad23f3000 JavaThread "Signal Dispatcher" daemon [_thread_blocked, id=68256, stack(0x0000009ab5400000,0x0000009ab5500000)]
  0x0000026ad1a98000 JavaThread "Attach Listener" daemon [_thread_blocked, id=46072, stack(0x0000009ab5500000,0x0000009ab5600000)]
  0x0000026ad1a9a800 JavaThread "C2 CompilerThread0" daemon [_thread_blocked, id=27508, stack(0x0000009ab5600000,0x0000009ab5700000)]
  0x0000026ad1a9f000 JavaThread "C1 CompilerThread0" daemon [_thread_blocked, id=28340, stack(0x0000009ab5700000,0x0000009ab5800000)]
  0x0000026ad1aa4000 JavaThread "Sweeper thread" daemon [_thread_blocked, id=27756, stack(0x0000009ab5800000,0x0000009ab5900000)]
  0x0000026ad2534000 JavaThread "Service Thread" daemon [_thread_blocked, id=59164, stack(0x0000009ab5900000,0x0000009ab5a00000)]
  0x0000026ad2539800 JavaThread "Common-Cleaner" daemon [_thread_blocked, id=76720, stack(0x0000009ab5b00000,0x0000009ab5c00000)]

Other Threads:
  0x0000026ad1a55800 VMThread "VM Thread" [stack: 0x0000009ab5100000,0x0000009ab5200000] [id=71228]
  0x0000026ad2538800 WatcherThread [stack: 0x0000009ab5a00000,0x0000009ab5b00000] [id=73400]
  0x0000026ab3738800 GCTaskThread "GC Thread#0" [stack: 0x0000009ab4c00000,0x0000009ab4d00000] [id=74320]
  0x0000026ab376a000 ConcurrentGCThread "G1 Main Marker" [stack: 0x0000009ab4d00000,0x0000009ab4e00000] [id=77452]
  0x0000026ab376b800 ConcurrentGCThread "G1 Conc#0" [stack: 0x0000009ab4e00000,0x0000009ab4f00000] [id=67448]
  0x0000026ab37fb000 ConcurrentGCThread "G1 Refine#0" [stack: 0x0000009ab4f00000,0x0000009ab5000000] [id=40624]
  0x0000026ab37fe000 ConcurrentGCThread "G1 Young RemSet Sampling" [stack: 0x0000009ab5000000,0x0000009ab5100000] [id=46280]

Threads with active compile tasks:

VM state:not at safepoint (normal execution)

VM Mutex/Monitor currently owned by a thread: None

Heap address: 0x0000000081a00000, size: 2022 MB, Compressed Oops mode: 32-bit
Narrow klass base: 0x0000000000000000, Narrow klass shift: 3
Compressed class space size: 1073741824 Address: 0x0000000100000000

Heap:
 garbage-first heap   total 131072K, used 1024K [0x0000000081a00000, 0x0000000100000000)
  region size 1024K, 2 young (2048K), 0 survivors (0K)
 Metaspace       used 3773K, capacity 4486K, committed 4864K, reserved 1056768K
  class space    used 337K, capacity 386K, committed 512K, reserved 1048576K
Heap Regions: E=young(eden), S=young(survivor), O=old, HS=humongous(starts), HC=humongous(continues), CS=collection set, F=free, A=archive, TAMS=top-at-mark-start (previous, next)
|   0|0x0000000081a00000, 0x0000000081a00000, 0x0000000081b00000|  0%| F|  |TAMS 0x0000000081a00000, 0x0000000081a00000| Untracked 
|   1|0x0000000081b00000, 0x0000000081b00000, 0x0000000081c00000|  0%| F|  |TAMS 0x0000000081b00000, 0x0000000081b00000| Untracked 
|   2|0x0000000081c00000, 0x0000000081c00000, 0x0000000081d00000|  0%| F|  |TAMS 0x0000000081c00000, 0x0000000081c00000| Untracked 
|   3|0x0000000081d00000, 0x0000000081d00000, 0x0000000081e00000|  0%| F|  |TAMS 0x0000000081d00000, 0x0000000081d00000| Untracked 
|   4|0x0000000081e00000, 0x0000000081e00000, 0x0000000081f00000|  0%| F|  |TAMS 0x0000000081e00000, 0x0000000081e00000| Untracked 
|   5|0x0000000081f00000, 0x0000000081f00000, 0x0000000082000000|  0%| F|  |TAMS 0x0000000081f00000, 0x0000000081f00000| Untracked 
|   6|0x0000000082000000, 0x0000000082000000, 0x0000000082100000|  0%| F|  |TAMS 0x0000000082000000, 0x0000000082000000| Untracked 
|   7|0x0000000082100000, 0x0000000082100000, 0x0000000082200000|  0%| F|  |TAMS 0x0000000082100000, 0x0000000082100000| Untracked 
|   8|0x0000000082200000, 0x0000000082200000, 0x0000000082300000|  0%| F|  |TAMS 0x0000000082200000, 0x0000000082200000| Untracked 
|   9|0x0000000082300000, 0x0000000082300000, 0x0000000082400000|  0%| F|  |TAMS 0x0000000082300000, 0x0000000082300000| Untracked 
|  10|0x0000000082400000, 0x0000000082400000, 0x0000000082500000|  0%| F|  |TAMS 0x0000000082400000, 0x0000000082400000| Untracked 
|  11|0x0000000082500000, 0x0000000082500000, 0x0000000082600000|  0%| F|  |TAMS 0x0000000082500000, 0x0000000082500000| Untracked 
|  12|0x0000000082600000, 0x0000000082600000, 0x0000000082700000|  0%| F|  |TAMS 0x0000000082600000, 0x0000000082600000| Untracked 
|  13|0x0000000082700000, 0x0000000082700000, 0x0000000082800000|  0%| F|  |TAMS 0x0000000082700000, 0x0000000082700000| Untracked 
|  14|0x0000000082800000, 0x0000000082800000, 0x0000000082900000|  0%| F|  |TAMS 0x0000000082800000, 0x0000000082800000| Untracked 
|  15|0x0000000082900000, 0x0000000082900000, 0x0000000082a00000|  0%| F|  |TAMS 0x0000000082900000, 0x0000000082900000| Untracked 
|  16|0x0000000082a00000, 0x0000000082a00000, 0x0000000082b00000|  0%| F|  |TAMS 0x0000000082a00000, 0x0000000082a00000| Untracked 
|  17|0x0000000082b00000, 0x0000000082b00000, 0x0000000082c00000|  0%| F|  |TAMS 0x0000000082b00000, 0x0000000082b00000| Untracked 
|  18|0x0000000082c00000, 0x0000000082c00000, 0x0000000082d00000|  0%| F|  |TAMS 0x0000000082c00000, 0x0000000082c00000| Untracked 
|  19|0x0000000082d00000, 0x0000000082d00000, 0x0000000082e00000|  0%| F|  |TAMS 0x0000000082d00000, 0x0000000082d00000| Untracked 
|  20|0x0000000082e00000, 0x0000000082e00000, 0x0000000082f00000|  0%| F|  |TAMS 0x0000000082e00000, 0x0000000082e00000| Untracked 
|  21|0x0000000082f00000, 0x0000000082f00000, 0x0000000083000000|  0%| F|  |TAMS 0x0000000082f00000, 0x0000000082f00000| Untracked 
|  22|0x0000000083000000, 0x0000000083000000, 0x0000000083100000|  0%| F|  |TAMS 0x0000000083000000, 0x0000000083000000| Untracked 
|  23|0x0000000083100000, 0x0000000083100000, 0x0000000083200000|  0%| F|  |TAMS 0x0000000083100000, 0x0000000083100000| Untracked 
|  24|0x0000000083200000, 0x0000000083200000, 0x0000000083300000|  0%| F|  |TAMS 0x0000000083200000, 0x0000000083200000| Untracked 
|  25|0x0000000083300000, 0x0000000083300000, 0x0000000083400000|  0%| F|  |TAMS 0x0000000083300000, 0x0000000083300000| Untracked 
|  26|0x0000000083400000, 0x0000000083400000, 0x0000000083500000|  0%| F|  |TAMS 0x0000000083400000, 0x0000000083400000| Untracked 
|  27|0x0000000083500000, 0x0000000083500000, 0x0000000083600000|  0%| F|  |TAMS 0x0000000083500000, 0x0000000083500000| Untracked 
|  28|0x0000000083600000, 0x0000000083600000, 0x0000000083700000|  0%| F|  |TAMS 0x0000000083600000, 0x0000000083600000| Untracked 
|  29|0x0000000083700000, 0x0000000083700000, 0x0000000083800000|  0%| F|  |TAMS 0x0000000083700000, 0x0000000083700000| Untracked 
|  30|0x0000000083800000, 0x0000000083800000, 0x0000000083900000|  0%| F|  |TAMS 0x0000000083800000, 0x0000000083800000| Untracked 
|  31|0x0000000083900000, 0x0000000083900000, 0x0000000083a00000|  0%| F|  |TAMS 0x0000000083900000, 0x0000000083900000| Untracked 
|  32|0x0000000083a00000, 0x0000000083a00000, 0x0000000083b00000|  0%| F|  |TAMS 0x0000000083a00000, 0x0000000083a00000| Untracked 
|  33|0x0000000083b00000, 0x0000000083b00000, 0x0000000083c00000|  0%| F|  |TAMS 0x0000000083b00000, 0x0000000083b00000| Untracked 
|  34|0x0000000083c00000, 0x0000000083c00000, 0x0000000083d00000|  0%| F|  |TAMS 0x0000000083c00000, 0x0000000083c00000| Untracked 
|  35|0x0000000083d00000, 0x0000000083d00000, 0x0000000083e00000|  0%| F|  |TAMS 0x0000000083d00000, 0x0000000083d00000| Untracked 
|  36|0x0000000083e00000, 0x0000000083e00000, 0x0000000083f00000|  0%| F|  |TAMS 0x0000000083e00000, 0x0000000083e00000| Untracked 
|  37|0x0000000083f00000, 0x0000000083f00000, 0x0000000084000000|  0%| F|  |TAMS 0x0000000083f00000, 0x0000000083f00000| Untracked 
|  38|0x0000000084000000, 0x0000000084000000, 0x0000000084100000|  0%| F|  |TAMS 0x0000000084000000, 0x0000000084000000| Untracked 
|  39|0x0000000084100000, 0x0000000084100000, 0x0000000084200000|  0%| F|  |TAMS 0x0000000084100000, 0x0000000084100000| Untracked 
|  40|0x0000000084200000, 0x0000000084200000, 0x0000000084300000|  0%| F|  |TAMS 0x0000000084200000, 0x0000000084200000| Untracked 
|  41|0x0000000084300000, 0x0000000084300000, 0x0000000084400000|  0%| F|  |TAMS 0x0000000084300000, 0x0000000084300000| Untracked 
|  42|0x0000000084400000, 0x0000000084400000, 0x0000000084500000|  0%| F|  |TAMS 0x0000000084400000, 0x0000000084400000| Untracked 
|  43|0x0000000084500000, 0x0000000084500000, 0x0000000084600000|  0%| F|  |TAMS 0x0000000084500000, 0x0000000084500000| Untracked 
|  44|0x0000000084600000, 0x0000000084600000, 0x0000000084700000|  0%| F|  |TAMS 0x0000000084600000, 0x0000000084600000| Untracked 
|  45|0x0000000084700000, 0x0000000084700000, 0x0000000084800000|  0%| F|  |TAMS 0x0000000084700000, 0x0000000084700000| Untracked 
|  46|0x0000000084800000, 0x0000000084800000, 0x0000000084900000|  0%| F|  |TAMS 0x0000000084800000, 0x0000000084800000| Untracked 
|  47|0x0000000084900000, 0x0000000084900000, 0x0000000084a00000|  0%| F|  |TAMS 0x0000000084900000, 0x0000000084900000| Untracked 
|  48|0x0000000084a00000, 0x0000000084a00000, 0x0000000084b00000|  0%| F|  |TAMS 0x0000000084a00000, 0x0000000084a00000| Untracked 
|  49|0x0000000084b00000, 0x0000000084b00000, 0x0000000084c00000|  0%| F|  |TAMS 0x0000000084b00000, 0x0000000084b00000| Untracked 
|  50|0x0000000084c00000, 0x0000000084c00000, 0x0000000084d00000|  0%| F|  |TAMS 0x0000000084c00000, 0x0000000084c00000| Untracked 
|  51|0x0000000084d00000, 0x0000000084d00000, 0x0000000084e00000|  0%| F|  |TAMS 0x0000000084d00000, 0x0000000084d00000| Untracked 
|  52|0x0000000084e00000, 0x0000000084e00000, 0x0000000084f00000|  0%| F|  |TAMS 0x0000000084e00000, 0x0000000084e00000| Untracked 
|  53|0x0000000084f00000, 0x0000000084f00000, 0x0000000085000000|  0%| F|  |TAMS 0x0000000084f00000, 0x0000000084f00000| Untracked 
|  54|0x0000000085000000, 0x0000000085000000, 0x0000000085100000|  0%| F|  |TAMS 0x0000000085000000, 0x0000000085000000| Untracked 
|  55|0x0000000085100000, 0x0000000085100000, 0x0000000085200000|  0%| F|  |TAMS 0x0000000085100000, 0x0000000085100000| Untracked 
|  56|0x0000000085200000, 0x0000000085200000, 0x0000000085300000|  0%| F|  |TAMS 0x0000000085200000, 0x0000000085200000| Untracked 
|  57|0x0000000085300000, 0x0000000085300000, 0x0000000085400000|  0%| F|  |TAMS 0x0000000085300000, 0x0000000085300000| Untracked 
|  58|0x0000000085400000, 0x0000000085400000, 0x0000000085500000|  0%| F|  |TAMS 0x0000000085400000, 0x0000000085400000| Untracked 
|  59|0x0000000085500000, 0x0000000085500000, 0x0000000085600000|  0%| F|  |TAMS 0x0000000085500000, 0x0000000085500000| Untracked 
|  60|0x0000000085600000, 0x0000000085600000, 0x0000000085700000|  0%| F|  |TAMS 0x0000000085600000, 0x0000000085600000| Untracked 
|  61|0x0000000085700000, 0x0000000085700000, 0x0000000085800000|  0%| F|  |TAMS 0x0000000085700000, 0x0000000085700000| Untracked 
|  62|0x0000000085800000, 0x0000000085800000, 0x0000000085900000|  0%| F|  |TAMS 0x0000000085800000, 0x0000000085800000| Untracked 
|  63|0x0000000085900000, 0x0000000085900000, 0x0000000085a00000|  0%| F|  |TAMS 0x0000000085900000, 0x0000000085900000| Untracked 
|  64|0x0000000085a00000, 0x0000000085a00000, 0x0000000085b00000|  0%| F|  |TAMS 0x0000000085a00000, 0x0000000085a00000| Untracked 
|  65|0x0000000085b00000, 0x0000000085b00000, 0x0000000085c00000|  0%| F|  |TAMS 0x0000000085b00000, 0x0000000085b00000| Untracked 
|  66|0x0000000085c00000, 0x0000000085c00000, 0x0000000085d00000|  0%| F|  |TAMS 0x0000000085c00000, 0x0000000085c00000| Untracked 
|  67|0x0000000085d00000, 0x0000000085d00000, 0x0000000085e00000|  0%| F|  |TAMS 0x0000000085d00000, 0x0000000085d00000| Untracked 
|  68|0x0000000085e00000, 0x0000000085e00000, 0x0000000085f00000|  0%| F|  |TAMS 0x0000000085e00000, 0x0000000085e00000| Untracked 
|  69|0x0000000085f00000, 0x0000000085f00000, 0x0000000086000000|  0%| F|  |TAMS 0x0000000085f00000, 0x0000000085f00000| Untracked 
|  70|0x0000000086000000, 0x0000000086000000, 0x0000000086100000|  0%| F|  |TAMS 0x0000000086000000, 0x0000000086000000| Untracked 
|  71|0x0000000086100000, 0x0000000086100000, 0x0000000086200000|  0%| F|  |TAMS 0x0000000086100000, 0x0000000086100000| Untracked 
|  72|0x0000000086200000, 0x0000000086200000, 0x0000000086300000|  0%| F|  |TAMS 0x0000000086200000, 0x0000000086200000| Untracked 
|  73|0x0000000086300000, 0x0000000086300000, 0x0000000086400000|  0%| F|  |TAMS 0x0000000086300000, 0x0000000086300000| Untracked 
|  74|0x0000000086400000, 0x0000000086400000, 0x0000000086500000|  0%| F|  |TAMS 0x0000000086400000, 0x0000000086400000| Untracked 
|  75|0x0000000086500000, 0x0000000086500000, 0x0000000086600000|  0%| F|  |TAMS 0x0000000086500000, 0x0000000086500000| Untracked 
|  76|0x0000000086600000, 0x0000000086600000, 0x0000000086700000|  0%| F|  |TAMS 0x0000000086600000, 0x0000000086600000| Untracked 
|  77|0x0000000086700000, 0x0000000086700000, 0x0000000086800000|  0%| F|  |TAMS 0x0000000086700000, 0x0000000086700000| Untracked 
|  78|0x0000000086800000, 0x0000000086800000, 0x0000000086900000|  0%| F|  |TAMS 0x0000000086800000, 0x0000000086800000| Untracked 
|  79|0x0000000086900000, 0x0000000086900000, 0x0000000086a00000|  0%| F|  |TAMS 0x0000000086900000, 0x0000000086900000| Untracked 
|  80|0x0000000086a00000, 0x0000000086a00000, 0x0000000086b00000|  0%| F|  |TAMS 0x0000000086a00000, 0x0000000086a00000| Untracked 
|  81|0x0000000086b00000, 0x0000000086b00000, 0x0000000086c00000|  0%| F|  |TAMS 0x0000000086b00000, 0x0000000086b00000| Untracked 
|  82|0x0000000086c00000, 0x0000000086c00000, 0x0000000086d00000|  0%| F|  |TAMS 0x0000000086c00000, 0x0000000086c00000| Untracked 
|  83|0x0000000086d00000, 0x0000000086d00000, 0x0000000086e00000|  0%| F|  |TAMS 0x0000000086d00000, 0x0000000086d00000| Untracked 
|  84|0x0000000086e00000, 0x0000000086e00000, 0x0000000086f00000|  0%| F|  |TAMS 0x0000000086e00000, 0x0000000086e00000| Untracked 
|  85|0x0000000086f00000, 0x0000000086f00000, 0x0000000087000000|  0%| F|  |TAMS 0x0000000086f00000, 0x0000000086f00000| Untracked 
|  86|0x0000000087000000, 0x0000000087000000, 0x0000000087100000|  0%| F|  |TAMS 0x0000000087000000, 0x0000000087000000| Untracked 
|  87|0x0000000087100000, 0x0000000087100000, 0x0000000087200000|  0%| F|  |TAMS 0x0000000087100000, 0x0000000087100000| Untracked 
|  88|0x0000000087200000, 0x0000000087200000, 0x0000000087300000|  0%| F|  |TAMS 0x0000000087200000, 0x0000000087200000| Untracked 
|  89|0x0000000087300000, 0x0000000087300000, 0x0000000087400000|  0%| F|  |TAMS 0x0000000087300000, 0x0000000087300000| Untracked 
|  90|0x0000000087400000, 0x0000000087400000, 0x0000000087500000|  0%| F|  |TAMS 0x0000000087400000, 0x0000000087400000| Untracked 
|  91|0x0000000087500000, 0x0000000087500000, 0x0000000087600000|  0%| F|  |TAMS 0x0000000087500000, 0x0000000087500000| Untracked 
|  92|0x0000000087600000, 0x0000000087600000, 0x0000000087700000|  0%| F|  |TAMS 0x0000000087600000, 0x0000000087600000| Untracked 
|  93|0x0000000087700000, 0x0000000087700000, 0x0000000087800000|  0%| F|  |TAMS 0x0000000087700000, 0x0000000087700000| Untracked 
|  94|0x0000000087800000, 0x0000000087800000, 0x0000000087900000|  0%| F|  |TAMS 0x0000000087800000, 0x0000000087800000| Untracked 
|  95|0x0000000087900000, 0x0000000087900000, 0x0000000087a00000|  0%| F|  |TAMS 0x0000000087900000, 0x0000000087900000| Untracked 
|  96|0x0000000087a00000, 0x0000000087a00000, 0x0000000087b00000|  0%| F|  |TAMS 0x0000000087a00000, 0x0000000087a00000| Untracked 
|  97|0x0000000087b00000, 0x0000000087b00000, 0x0000000087c00000|  0%| F|  |TAMS 0x0000000087b00000, 0x0000000087b00000| Untracked 
|  98|0x0000000087c00000, 0x0000000087c00000, 0x0000000087d00000|  0%| F|  |TAMS 0x0000000087c00000, 0x0000000087c00000| Untracked 
|  99|0x0000000087d00000, 0x0000000087d00000, 0x0000000087e00000|  0%| F|  |TAMS 0x0000000087d00000, 0x0000000087d00000| Untracked 
| 100|0x0000000087e00000, 0x0000000087e00000, 0x0000000087f00000|  0%| F|  |TAMS 0x0000000087e00000, 0x0000000087e00000| Untracked 
| 101|0x0000000087f00000, 0x0000000087f00000, 0x0000000088000000|  0%| F|  |TAMS 0x0000000087f00000, 0x0000000087f00000| Untracked 
| 102|0x0000000088000000, 0x0000000088000000, 0x0000000088100000|  0%| F|  |TAMS 0x0000000088000000, 0x0000000088000000| Untracked 
| 103|0x0000000088100000, 0x0000000088100000, 0x0000000088200000|  0%| F|  |TAMS 0x0000000088100000, 0x0000000088100000| Untracked 
| 104|0x0000000088200000, 0x0000000088200000, 0x0000000088300000|  0%| F|  |TAMS 0x0000000088200000, 0x0000000088200000| Untracked 
| 105|0x0000000088300000, 0x0000000088300000, 0x0000000088400000|  0%| F|  |TAMS 0x0000000088300000, 0x0000000088300000| Untracked 
| 106|0x0000000088400000, 0x0000000088400000, 0x0000000088500000|  0%| F|  |TAMS 0x0000000088400000, 0x0000000088400000| Untracked 
| 107|0x0000000088500000, 0x0000000088500000, 0x0000000088600000|  0%| F|  |TAMS 0x0000000088500000, 0x0000000088500000| Untracked 
| 108|0x0000000088600000, 0x0000000088600000, 0x0000000088700000|  0%| F|  |TAMS 0x0000000088600000, 0x0000000088600000| Untracked 
| 109|0x0000000088700000, 0x0000000088700000, 0x0000000088800000|  0%| F|  |TAMS 0x0000000088700000, 0x0000000088700000| Untracked 
| 110|0x0000000088800000, 0x0000000088800000, 0x0000000088900000|  0%| F|  |TAMS 0x0000000088800000, 0x0000000088800000| Untracked 
| 111|0x0000000088900000, 0x0000000088900000, 0x0000000088a00000|  0%| F|  |TAMS 0x0000000088900000, 0x0000000088900000| Untracked 
| 112|0x0000000088a00000, 0x0000000088a00000, 0x0000000088b00000|  0%| F|  |TAMS 0x0000000088a00000, 0x0000000088a00000| Untracked 
| 113|0x0000000088b00000, 0x0000000088b00000, 0x0000000088c00000|  0%| F|  |TAMS 0x0000000088b00000, 0x0000000088b00000| Untracked 
| 114|0x0000000088c00000, 0x0000000088c00000, 0x0000000088d00000|  0%| F|  |TAMS 0x0000000088c00000, 0x0000000088c00000| Untracked 
| 115|0x0000000088d00000, 0x0000000088d00000, 0x0000000088e00000|  0%| F|  |TAMS 0x0000000088d00000, 0x0000000088d00000| Untracked 
| 116|0x0000000088e00000, 0x0000000088e00000, 0x0000000088f00000|  0%| F|  |TAMS 0x0000000088e00000, 0x0000000088e00000| Untracked 
| 117|0x0000000088f00000, 0x0000000088f00000, 0x0000000089000000|  0%| F|  |TAMS 0x0000000088f00000, 0x0000000088f00000| Untracked 
| 118|0x0000000089000000, 0x0000000089000000, 0x0000000089100000|  0%| F|  |TAMS 0x0000000089000000, 0x0000000089000000| Untracked 
| 119|0x0000000089100000, 0x0000000089100000, 0x0000000089200000|  0%| F|  |TAMS 0x0000000089100000, 0x0000000089100000| Untracked 
| 120|0x0000000089200000, 0x0000000089200000, 0x0000000089300000|  0%| F|  |TAMS 0x0000000089200000, 0x0000000089200000| Untracked 
| 121|0x0000000089300000, 0x0000000089300000, 0x0000000089400000|  0%| F|  |TAMS 0x0000000089300000, 0x0000000089300000| Untracked 
| 122|0x0000000089400000, 0x0000000089400000, 0x0000000089500000|  0%| F|  |TAMS 0x0000000089400000, 0x0000000089400000| Untracked 
| 123|0x0000000089500000, 0x0000000089500000, 0x0000000089600000|  0%| F|  |TAMS 0x0000000089500000, 0x0000000089500000| Untracked 
| 124|0x0000000089600000, 0x0000000089600000, 0x0000000089700000|  0%| F|  |TAMS 0x0000000089600000, 0x0000000089600000| Untracked 
| 125|0x0000000089700000, 0x0000000089700000, 0x0000000089800000|  0%| F|  |TAMS 0x0000000089700000, 0x0000000089700000| Untracked 
| 126|0x0000000089800000, 0x00000000898482f0, 0x0000000089900000| 28%| E|  |TAMS 0x0000000089800000, 0x0000000089800000| Complete 
| 127|0x0000000089900000, 0x0000000089a00000, 0x0000000089a00000|100%| E|CS|TAMS 0x0000000089900000, 0x0000000089900000| Complete 

Card table byte_map: [0x0000026acae50000,0x0000026acb250000] _byte_map_base: 0x0000026acaa43000

Marking Bits (Prev, Next): (CMBitMap*) 0x0000026ab3761568, (CMBitMap*) 0x0000026ab37615a0
 Prev Bits: [0x0000026acb650000, 0x0000026acd5e8000)
 Next Bits: [0x0000026acd5f0000, 0x0000026acf588000)

Polling page: 0x0000026ab14a0000

Metaspace:

Usage:
  Non-class:      4.00 MB capacity,     3.36 MB ( 84%) used,   663.51 KB ( 16%) free+waste,   128 bytes ( <1%) overhead. 
      Class:    386.00 KB capacity,   337.54 KB ( 87%) used,    48.34 KB ( 13%) free+waste,   128 bytes ( <1%) overhead. 
       Both:      4.38 MB capacity,     3.69 MB ( 84%) used,   711.84 KB ( 16%) free+waste,   256 bytes ( <1%) overhead. 

Virtual space:
  Non-class space:        8.00 MB reserved,       4.25 MB ( 53%) committed 
      Class space:        1.00 GB reserved,     512.00 KB ( <1%) committed 
             Both:        1.01 GB reserved,       4.75 MB ( <1%) committed 

Chunk freelists:
   Non-Class:  0 bytes
       Class:  0 bytes
        Both:  0 bytes

CodeHeap 'non-profiled nmethods': size=120064Kb used=21Kb max_used=21Kb free=120042Kb
 bounds [0x0000026ac3510000, 0x0000026ac3780000, 0x0000026acaa50000]
CodeHeap 'profiled nmethods': size=120000Kb used=109Kb max_used=109Kb free=119891Kb
 bounds [0x0000026abbfe0000, 0x0000026abc250000, 0x0000026ac3510000]
CodeHeap 'non-nmethods': size=5696Kb used=990Kb max_used=997Kb free=4705Kb
 bounds [0x0000026abba50000, 0x0000026abbcc0000, 0x0000026abbfe0000]
 total_blobs=373 nmethods=80 adapters=154
 compilation: enabled
              stopped_count=0, restarted_count=0
 full_count=0

Compilation events (10 events):
Event: 0.089 Thread 0x0000026ad1a9f000   75       3       java.lang.AbstractStringBuilder::ensureCapacityInternal (39 bytes)
Event: 0.089 Thread 0x0000026ad1a9f000 nmethod 75 0x0000026abbff9310 code [0x0000026abbff9500, 0x0000026abbff99e0]
Event: 0.093 Thread 0x0000026ad1a9f000   77       3       java.util.HashSet::add (20 bytes)
Event: 0.093 Thread 0x0000026ad1a9f000 nmethod 77 0x0000026abbff9b90 code [0x0000026abbff9d80, 0x0000026abbffa220]
Event: 0.094 Thread 0x0000026ad1a9f000   79       3       java.lang.StringLatin1::indexOf (61 bytes)
Event: 0.094 Thread 0x0000026ad1a9f000 nmethod 79 0x0000026abbffa390 code [0x0000026abbffa560, 0x0000026abbffa978]
Event: 0.094 Thread 0x0000026ad1a9f000   78       3       java.lang.String::indexOf (29 bytes)
Event: 0.094 Thread 0x0000026ad1a9f000 nmethod 78 0x0000026abbffaa90 code [0x0000026abbffac60, 0x0000026abbffaf40]
Event: 0.094 Thread 0x0000026ad1a9f000   80       3       java.lang.AbstractStringBuilder::isLatin1 (19 bytes)
Event: 0.095 Thread 0x0000026ad1a9f000 nmethod 80 0x0000026abbffb010 code [0x0000026abbffb1c0, 0x0000026abbffb398]

GC Heap History (0 events):
No events

Deoptimization events (1 events):
Event: 0.096 Thread 0x0000026ab3726000 Uncommon trap: reason=unstable_if action=reinterpret pc=0x0000026ac3515274 method=java.lang.String.hashCode()I @ 14 c2

Classes redefined (0 events):
No events

Internal exceptions (0 events):
No events

Events (10 events):
Event: 0.096 Thread 0x0000026ab3726000 DEOPT PACKING pc=0x0000026ac3515274 sp=0x0000009ab4bfdda0
Event: 0.096 Thread 0x0000026ab3726000 DEOPT UNPACKING pc=0x0000026abba78f2f sp=0x0000009ab4bfdd30 mode 2
Event: 0.096 loading class java/lang/NamedPackage
Event: 0.096 loading class java/lang/NamedPackage done
Event: 0.096 loading class java/lang/PublicMethods$MethodList
Event: 0.096 loading class java/lang/PublicMethods$MethodList done
Event: 0.096 loading class java/lang/PublicMethods$Key
Event: 0.096 loading class java/lang/PublicMethods$Key done
Event: 0.096 loading class java/lang/Void
Event: 0.096 loading class java/lang/Void done


Dynamic libraries:
0x00007ff7a2050000 - 0x00007ff7a2097000 	C:\Program Files\Java\jdk-11.0.1\bin\java.exe
0x00007ff958fa0000 - 0x00007ff959181000 	C:\WINDOWS\SYSTEM32\ntdll.dll
0x00007ff958ab0000 - 0x00007ff958b62000 	C:\WINDOWS\System32\KERNEL32.DLL
0x00007ff955790000 - 0x00007ff955a03000 	C:\WINDOWS\System32\KERNELBASE.dll
0x00007ff957ec0000 - 0x00007ff957f61000 	C:\WINDOWS\System32\ADVAPI32.dll
0x00007ff9564d0000 - 0x00007ff95656e000 	C:\WINDOWS\System32\msvcrt.dll
0x00007ff958130000 - 0x00007ff95818b000 	C:\WINDOWS\System32\sechost.dll
0x00007ff957ff0000 - 0x00007ff958114000 	C:\WINDOWS\System32\RPCRT4.dll
0x00007ff9568f0000 - 0x00007ff956a80000 	C:\WINDOWS\System32\USER32.dll
0x00007ff956410000 - 0x00007ff956430000 	C:\WINDOWS\System32\win32u.dll
0x00007ff958a20000 - 0x00007ff958a48000 	C:\WINDOWS\System32\GDI32.dll
0x00007ff956270000 - 0x00007ff956402000 	C:\WINDOWS\System32\gdi32full.dll
0x00007ff955a10000 - 0x00007ff955aaf000 	C:\WINDOWS\System32\msvcp_win.dll
0x00007ff955690000 - 0x00007ff95578a000 	C:\WINDOWS\System32\ucrtbase.dll
0x00007ff935420000 - 0x00007ff935689000 	C:\WINDOWS\WinSxS\amd64_microsoft.windows.common-controls_6595b64144ccf1df_6.0.17134.523_none_fb409dd930672a56\COMCTL32.dll
0x00007ff941470000 - 0x00007ff94147a000 	C:\WINDOWS\SYSTEM32\VERSION.dll
0x00007ff958c40000 - 0x00007ff958f62000 	C:\WINDOWS\System32\combase.dll
0x00007ff955420000 - 0x00007ff95549a000 	C:\WINDOWS\System32\bcryptPrimitives.dll
0x00007ff958b70000 - 0x00007ff958b9d000 	C:\WINDOWS\System32\IMM32.DLL
0x00007ff926500000 - 0x00007ff926516000 	C:\Program Files\Java\jdk-11.0.1\bin\vcruntime140.dll
0x00007ff918c80000 - 0x00007ff918d2a000 	C:\Program Files\Java\jdk-11.0.1\bin\msvcp140.dll
0x00007ff8f9d90000 - 0x00007ff8fa8d2000 	C:\Program Files\Java\jdk-11.0.1\bin\server\jvm.dll
0x00007ff957f70000 - 0x00007ff957f78000 	C:\WINDOWS\System32\PSAPI.DLL
0x00007ff94ac60000 - 0x00007ff94ac69000 	C:\WINDOWS\SYSTEM32\WSOCK32.dll
0x00007ff950440000 - 0x00007ff950463000 	C:\WINDOWS\SYSTEM32\WINMM.dll
0x00007ff958260000 - 0x00007ff9582cc000 	C:\WINDOWS\System32\WS2_32.dll
0x00007ff950410000 - 0x00007ff95043a000 	C:\WINDOWS\SYSTEM32\winmmbase.dll
0x00007ff9553d0000 - 0x00007ff955419000 	C:\WINDOWS\System32\cfgmgr32.dll
0x00007ff955350000 - 0x00007ff955361000 	C:\WINDOWS\System32\kernel.appcore.dll
0x00007ff9254c0000 - 0x00007ff9254d1000 	C:\Program Files\Java\jdk-11.0.1\bin\verify.dll
0x00007ff94f550000 - 0x00007ff94f719000 	C:\WINDOWS\SYSTEM32\DBGHELP.DLL
0x00007ff94f4b0000 - 0x00007ff94f4d9000 	C:\WINDOWS\SYSTEM32\dbgcore.DLL
0x00007ff91cef0000 - 0x00007ff91cf19000 	C:\Program Files\Java\jdk-11.0.1\bin\java.dll
0x00007ff91dea0000 - 0x00007ff91deb6000 	C:\Program Files\Java\jdk-11.0.1\bin\zip.dll
0x00007ff947050000 - 0x00007ff94705a000 	C:\Program Files\Java\jdk-11.0.1\bin\jimage.dll
0x00007ff956a80000 - 0x00007ff957ec0000 	C:\WINDOWS\System32\SHELL32.dll
0x00007ff9566c0000 - 0x00007ff956769000 	C:\WINDOWS\System32\shcore.dll
0x00007ff955b60000 - 0x00007ff95626d000 	C:\WINDOWS\System32\windows.storage.dll
0x00007ff957f80000 - 0x00007ff957fd1000 	C:\WINDOWS\System32\shlwapi.dll
0x00007ff955330000 - 0x00007ff95534f000 	C:\WINDOWS\System32\profapi.dll
0x00007ff9552e0000 - 0x00007ff95532c000 	C:\WINDOWS\System32\powrprof.dll
0x00007ff9552d0000 - 0x00007ff9552da000 	C:\WINDOWS\System32\FLTLIB.DLL

dbghelp: loaded successfully - version: 4.0.5 - missing functions: none
symbol engine: initialized successfully - sym options: 0x614 - pdb path: .;C:\Program Files\Java\jdk-11.0.1\bin;C:\WINDOWS\SYSTEM32;C:\WINDOWS\WinSxS\amd64_microsoft.windows.common-controls_6595b64144ccf1df_6.0.17134.523_none_fb409dd930672a56;C:\Program Files\Java\jdk-11.0.1\bin\server

VM Arguments:
jvm_args: -Xverify:none 
java_command: Test
java_class_path (initial): .;C:\Javalib\antlr-4.7.1-complete.jar;
Launcher Type: SUN_STANDARD

[Global flags]
     bool BytecodeVerificationLocal                = false                                     {product} {command line}
     bool BytecodeVerificationRemote               = false                                     {product} {command line}
     intx CICompilerCount                          = 3                                         {product} {ergonomic}
     uint ConcGCThreads                            = 1                                         {product} {ergonomic}
     uint G1ConcRefinementThreads                  = 4                                         {product} {ergonomic}
   size_t G1HeapRegionSize                         = 1048576                                   {product} {ergonomic}
    uintx GCDrainStackTargetSize                   = 64                                        {product} {ergonomic}
   size_t InitialHeapSize                          = 134217728                                 {product} {ergonomic}
   size_t MarkStackSize                            = 4194304                                   {product} {ergonomic}
   size_t MaxHeapSize                              = 2120220672                                {product} {ergonomic}
   size_t MaxNewSize                               = 1271922688                                {product} {ergonomic}
   size_t MinHeapDeltaBytes                        = 1048576                                   {product} {ergonomic}
    uintx NonNMethodCodeHeapSize                   = 5830092                                {pd product} {ergonomic}
    uintx NonProfiledCodeHeapSize                  = 122914074                              {pd product} {ergonomic}
    uintx ProfiledCodeHeapSize                     = 122914074                              {pd product} {ergonomic}
    uintx ReservedCodeCacheSize                    = 251658240                              {pd product} {ergonomic}
     bool SegmentedCodeCache                       = true                                      {product} {ergonomic}
     bool UseCompressedClassPointers               = true                                 {lp64_product} {ergonomic}
     bool UseCompressedOops                        = true                                 {lp64_product} {ergonomic}
     bool UseG1GC                                  = true                                      {product} {ergonomic}
     bool UseLargePagesIndividualAllocation        = false                                  {pd product} {ergonomic}

Logging:
Log output configuration:
 #0: stdout all=warning uptime,level,tags
 #1: stderr all=off uptime,level,tags

Environment Variables:
JAVA_HOME=C:\Program Files\Java\jdk-11.0.1
CLASSPATH=.;C:\Javalib\antlr-4.7.1-complete.jar;
PATH=C:\Program Files\Java\jdk-11.0.1\bin;C:\Program Files\apache-maven-3.5.4\bin;C:\WINDOWS\system32;C:\WINDOWS;C:\WINDOWS\System32\Wbem;C:\WINDOWS\System32\WindowsPowerShell\v1.0\;c:\Program Files (x86)\Microsoft SQL Server\100\Tools\Binn\;c:\Program Files\Microsoft SQL Server\100\Tools\Binn\;c:\Program Files\Microsoft SQL Server\100\DTS\Binn\;C:\Program Files\Microsoft SQL Server\110\Tools\Binn\;C:\Program Files\Microsoft SQL Server\120\Tools\Binn\;C:\Program Files\MATLAB\R2016a\runtime\win64;C:\Program Files\MATLAB\R2016a\bin;C:\Program Files\MATLAB\R2016a\polyspace\bin;C:\Program Files\dotnet\;C:\Program Files\Microsoft SQL Server\130\Tools\Binn\;C:\Program Files\nodejs\;C:\WINDOWS\System32\OpenSSH\;C:\Program Files\Git\cmd;C:\Program Files\Microsoft SQL Server\Client SDK\ODBC\130\Tools\Binn\;C:\Program Files (x86)\Microsoft SQL Server\140\Tools\Binn\;C:\Program Files\Microsoft SQL Server\140\Tools\Binn\;C:\Program Files\Microsoft SQL Server\140\DTS\Binn\;C:\Program Files (x86)\Microsoft SQL Server\Client SDK\ODBC\130\Tools\Binn\;C:\Program Files (x86)\Microsoft SQL Server\140\DTS\Binn\;C:\Program Files (x86)\Microsoft SQL Server\140\Tools\Binn\ManagementStudio\;C:\Program Files\Intel\WiFi\bin\;C:\Program Files\Common Files\Intel\WirelessCommon\;C:\Javalib\;C:\Users\Me\AppData\Local\Microsoft\WindowsApps;C:\altera\13.0sp1\modelsim_ase\win32aloem;C:\Users\Me\AppData\Roaming\npm;C:\Users\Me\.dotnet\tools;C:\Users\Me\AppData\Local\Programs\Microsoft VS Code\bin
USERNAME=Me
OS=Windows_NT
PROCESSOR_IDENTIFIER=Intel64 Family 6 Model 78 Stepping 3, GenuineIntel



---------------  S Y S T E M  ---------------

OS: Windows 10 , 64 bit Build 17134 (10.0.17134.1)

CPU:total 4 (initial active 4) (2 cores per cpu, 2 threads per core) family 6 model 78 stepping 3, cmov, cx8, fxsr, mmx, sse, sse2, sse3, ssse3, sse4.1, sse4.2, popcnt, avx, avx2, aes, clmul, erms, 3dnowpref, lzcnt, ht, tsc, tscinvbit, bmi1, bmi2, adx, fma

Memory: 4k page, system-wide physical 8085M (1865M free)
TotalPageFile size 11942M (AvailPageFile size 1918M)
current process WorkingSet (physical memory assigned to process): 29M, peak: 29M
current process commit charge ("private bytes"): 194M, peak: 194M

vm_info: Java HotSpot(TM) 64-Bit Server VM (11.0.1+13-LTS) for windows-amd64 JRE (11.0.1+13-LTS), built on Oct  6 2018 13:20:16 by "mach5one" with MS VC++ 15.5 (VS2017)

END.
